[35m[Appium][39m Welcome to Appium v1.22.3
[35m[Appium][39m Non-default server args:
[35m[Appium][39m   port: 58384
[35m[Appium][39m   loglevel: info
[35m[Appium][39m   tmpDir: C:\Users\AHMED~1.SAM\AppData\Local\Temp\\Katalon\Appium\Temp1702419252144
[35m[Appium][39m   chromedriverPort: 58385
[35m[Appium][39m Deprecated server args:
[35m[Appium][39m   [31m--chromedriver-port[39m => --default-capabilities
[35m[Appium][39m Default capabilities, which will be added to each request unless overridden by desired capabilities:
[35m[Appium][39m   chromedriverPort: 58385
[35m[Appium][39m Appium REST http interface listener started on 0.0.0.0:58384
[35m[HTTP][39m [37m-->[39m [37mGET[39m [37m/wd/hub/status[39m
[35m[HTTP][39m [90m{}[39m
[35m[HTTP][39m [37m<-- GET /wd/hub/status [39m[32m200[39m [90m3 ms - 68[39m
[35m[HTTP][39m [90m[39m
[35m[HTTP][39m [37m-->[39m [37mGET[39m [37m/wd/hub/status[39m
[35m[HTTP][39m [90m{}[39m
[35m[HTTP][39m [37m<-- GET /wd/hub/status [39m[32m200[39m [90m1 ms - 68[39m
[35m[HTTP][39m [90m[39m
[35m[HTTP][39m [37m-->[39m [37mPOST[39m [37m/wd/hub/session[39m
[35m[HTTP][39m [90m{"desiredCapabilities":{"appActivity":".Settings","appPackage":"com.android.settings","newCommandTimeout":1800,"platformVersion":"13","automationName":"uiautomator2","autoGrantPermissions":true,"platformName":"Android","udid":"3429473371000XO","deviceName":"vivo V2130 (Android 13)","platform":"ANDROID","systemPort":8215},"capabilities":{"firstMatch":[{"appium:appActivity":".Settings","appium:appPackage":"com.android.settings","appium:autoGrantPermissions":true,"appium:automationName":"uiautomator2","appium:deviceName":"vivo V2130 (Android 13)","appium:newCommandTimeout":1800,"platform":"ANDROID","platformName":"android","appium:platformVersion":"13","appium:systemPort":8215,"appium:udid":"3429473371000XO"}]}}[39m
[35m[BaseDriver][39m The following capabilities are not standard capabilities and should have an extension prefix:
[35m[BaseDriver][39m   platform
[35m[BaseDriver][39m   chromedriverPort
[35m[Appium][39m Appium v1.22.3 creating new AndroidUiautomator2Driver (v1.70.1) session
[35m[BaseDriver][39m The following capabilities were provided, but are not recognized by Appium:
[35m[BaseDriver][39m   platform
[35m[BaseDriver][39m Session created with session id: fcd37e12-57bc-4484-b9ff-493da04a6ea3
[35m[UiAutomator2][39m Starting 'com.android.settings' directly on the device
[35m[ADB][39m Found 2 'build-tools' folders under 'C:\Users\ahmed.samir\AppData\Local\Android\Sdk' (newest first):
[35m[ADB][39m     C:/Users/ahmed.samir/AppData/Local/Android/Sdk/build-tools/33.0.0
[35m[ADB][39m     C:/Users/ahmed.samir/AppData/Local/Android/Sdk/build-tools/30.0.3
[35m[ADB][39m Using 'adb.exe' from 'C:\Users\ahmed.samir\AppData\Local\Android\Sdk\platform-tools\adb.exe'
[35m[AndroidDriver][39m Retrieving device list
[35m[AndroidDriver][39m Using device: 3429473371000XO
[35m[ADB][39m Using 'adb.exe' from 'C:\Users\ahmed.samir\AppData\Local\Android\Sdk\platform-tools\adb.exe'
[35m[ADB][39m Getting device platform version
[35m[UiAutomator2][39m Relaxing hidden api policy
[35m[AndroidDriver][39m No app sent in, not parsing package/activity
[35m[ADB][39m Using 'apksigner.jar' from 'C:\Users\ahmed.samir\AppData\Local\Android\Sdk\build-tools\33.0.0\lib\apksigner.jar'
[35m[ADB][39m 'C:\Users\ahmed.samir\AppData\Roaming\npm\node_modules\appium\node_modules\appium-uiautomator2-server\apks\appium-uiautomator2-server-v4.27.0.apk' is signed with the default certificate
[35m[ADB][39m 'C:\Users\ahmed.samir\AppData\Roaming\npm\node_modules\appium\node_modules\appium-uiautomator2-server\apks\appium-uiautomator2-server-debug-androidTest.apk' is signed with the default certificate
[35m[UiAutomator2][39m Server packages are not going to be (re)installed
[35m[ADB][39m Adding packages ["io.appium.settings","io.appium.uiautomator2.server","io.appium.uiautomator2.server.test"] to Doze whitelist
[35m[UiAutomator2][39m Starting UIAutomator2 server 4.27.0
[35m[UiAutomator2][39m Using UIAutomator2 server from 'C:\Users\ahmed.samir\AppData\Roaming\npm\node_modules\appium\node_modules\appium-uiautomator2-server\apks\appium-uiautomator2-server-v4.27.0.apk' and test from 'C:\Users\ahmed.samir\AppData\Roaming\npm\node_modules\appium\node_modules\appium-uiautomator2-server\apks\appium-uiautomator2-server-debug-androidTest.apk'
[35m[UiAutomator2][39m Waiting up to 30000ms for UiAutomator2 to be online...
[35m[WD Proxy][39m socket hang up
[35m[WD Proxy][39m socket hang up
[35m[WD Proxy][39m Determined the downstream protocol as 'W3C'
[35m[AndroidDriver][39m Screen already unlocked, doing nothing
[35m[UiAutomator2][39m Starting 'com.android.settings/.Settings and waiting for 'com.android.settings/.Settings'
[35m[Appium][39m New AndroidUiautomator2Driver session created successfully, session fcd37e12-57bc-4484-b9ff-493da04a6ea3 added to master session list
[35m[HTTP][39m [37m<-- POST /wd/hub/session [39m[32m200[39m [90m12880 ms - 1161[39m
[35m[HTTP][39m [90m[39m
[35m[HTTP][39m [37m-->[39m [37mGET[39m [37m/wd/hub/session/fcd37e12-57bc-4484-b9ff-493da04a6ea3[39m
[35m[HTTP][39m [90m{}[39m
[35m[HTTP][39m [37m<-- GET /wd/hub/session/fcd37e12-57bc-4484-b9ff-493da04a6ea3 [39m[32m200[39m [90m22 ms - 1115[39m
[35m[HTTP][39m [90m[39m
[35m[HTTP][39m [37m-->[39m [37mGET[39m [37m/wd/hub/session/fcd37e12-57bc-4484-b9ff-493da04a6ea3[39m
[35m[HTTP][39m [90m{}[39m
[35m[HTTP][39m [37m<-- GET /wd/hub/session/fcd37e12-57bc-4484-b9ff-493da04a6ea3 [39m[32m200[39m [90m13 ms - 1115[39m
[35m[HTTP][39m [90m[39m
[35m[HTTP][39m [37m-->[39m [37mGET[39m [37m/wd/hub/status[39m
[35m[HTTP][39m [90m{}[39m
[35m[HTTP][39m [37m<-- GET /wd/hub/status [39m[32m200[39m [90m1 ms - 68[39m
[35m[HTTP][39m [90m[39m
[35m[HTTP][39m [37m-->[39m [37mPOST[39m [37m/wd/hub/session/fcd37e12-57bc-4484-b9ff-493da04a6ea3/timeouts[39m
[35m[HTTP][39m [90m{"implicit":60000}[39m
[35m[HTTP][39m [37m<-- POST /wd/hub/session/fcd37e12-57bc-4484-b9ff-493da04a6ea3/timeouts [39m[32m200[39m [90m2 ms - 14[39m
[35m[HTTP][39m [90m[39m
[35m[HTTP][39m [37m-->[39m [37mGET[39m [37m/wd/hub/session/fcd37e12-57bc-4484-b9ff-493da04a6ea3/screenshot[39m
[35m[HTTP][39m [90m{}[39m
[35m[HTTP][39m [37m<-- GET /wd/hub/session/fcd37e12-57bc-4484-b9ff-493da04a6ea3/screenshot [39m[32m200[39m [90m466 ms - 211796[39m
[35m[HTTP][39m [90m[39m
[35m[HTTP][39m [37m-->[39m [37mGET[39m [37m/wd/hub/session/fcd37e12-57bc-4484-b9ff-493da04a6ea3/window/rect[39m
[35m[HTTP][39m [90m{}[39m
[35m[HTTP][39m [37m<-- GET /wd/hub/session/fcd37e12-57bc-4484-b9ff-493da04a6ea3/window/rect [39m[32m200[39m [90m17 ms - 50[39m
[35m[HTTP][39m [90m[39m
[35m[HTTP][39m [37m-->[39m [37mGET[39m [37m/wd/hub/session/fcd37e12-57bc-4484-b9ff-493da04a6ea3/appium/device/system_bars[39m
[35m[HTTP][39m [90m{}[39m
[35m[HTTP][39m [37m<-- GET /wd/hub/session/fcd37e12-57bc-4484-b9ff-493da04a6ea3/appium/device/system_bars [39m[32m200[39m [90m312 ms - 145[39m
[35m[HTTP][39m [90m[39m
[35m[HTTP][39m [37m-->[39m [37mPOST[39m [37m/wd/hub/session/fcd37e12-57bc-4484-b9ff-493da04a6ea3/appium/device/activate_app[39m
[35m[HTTP][39m [90m{"bundleId":"com.androidsample.generalstore"}[39m
[35m[HTTP][39m [37m<-- POST /wd/hub/session/fcd37e12-57bc-4484-b9ff-493da04a6ea3/appium/device/activate_app [39m[32m200[39m [90m639 ms - 14[39m
[35m[HTTP][39m [90m[39m
[35m[HTTP][39m [37m-->[39m [37mGET[39m [37m/wd/hub/session/fcd37e12-57bc-4484-b9ff-493da04a6ea3/source[39m
[35m[HTTP][39m [90m{}[39m
[35m[W3C (fcd37e12)][39m Driver proxy active, passing request on via HTTP proxy
[35m[WD Proxy][39m Replacing sessionId 29daba44-d5d3-4e97-ae75-20032e8ebff5 with fcd37e12-57bc-4484-b9ff-493da04a6ea3
[35m[HTTP][39m [37m<-- GET /wd/hub/session/fcd37e12-57bc-4484-b9ff-493da04a6ea3/source [39m[32m200[39m [90m1162 ms - 11042[39m
[35m[HTTP][39m [90m[39m
[35m[HTTP][39m [37m-->[39m [37mGET[39m [37m/wd/hub/session/fcd37e12-57bc-4484-b9ff-493da04a6ea3/screenshot[39m
[35m[HTTP][39m [90m{}[39m
[35m[HTTP][39m [37m<-- GET /wd/hub/session/fcd37e12-57bc-4484-b9ff-493da04a6ea3/screenshot [39m[32m200[39m [90m738 ms - 631180[39m
[35m[HTTP][39m [90m[39m
[35m[HTTP][39m [37m-->[39m [37mGET[39m [37m/wd/hub/session/fcd37e12-57bc-4484-b9ff-493da04a6ea3/source[39m
[35m[HTTP][39m [90m{}[39m
[35m[W3C (fcd37e12)][39m Driver proxy active, passing request on via HTTP proxy
[35m[WD Proxy][39m Replacing sessionId 29daba44-d5d3-4e97-ae75-20032e8ebff5 with fcd37e12-57bc-4484-b9ff-493da04a6ea3
[35m[HTTP][39m [37m<-- GET /wd/hub/session/fcd37e12-57bc-4484-b9ff-493da04a6ea3/source [39m[32m200[39m [90m329 ms - 14490[39m
[35m[HTTP][39m [90m[39m
[35m[HTTP][39m [37m-->[39m [37mGET[39m [37m/wd/hub/session/fcd37e12-57bc-4484-b9ff-493da04a6ea3/screenshot[39m
[35m[HTTP][39m [90m{}[39m
[35m[HTTP][39m [37m<-- GET /wd/hub/session/fcd37e12-57bc-4484-b9ff-493da04a6ea3/screenshot [39m[32m200[39m [90m464 ms - 242350[39m
[35m[HTTP][39m [90m[39m
[35m[HTTP][39m [37m-->[39m [37mPOST[39m [37m/wd/hub/session/fcd37e12-57bc-4484-b9ff-493da04a6ea3/elements[39m
[35m[HTTP][39m [90m{"using":"xpath","value":"//*[@class = 'android.widget.TextView' and (@text = 'Air Jordan 4 Retro' or . = 'Air Jordan 4 Retro') and @resource-id = 'com.androidsample.generalstore:id/productName']"}[39m
[35m[HTTP][39m [37m<-- POST /wd/hub/session/fcd37e12-57bc-4484-b9ff-493da04a6ea3/elements [39m[32m200[39m [90m1123 ms - 139[39m
[35m[HTTP][39m [90m[39m
[35m[HTTP][39m [37m-->[39m [37mGET[39m [37m/wd/hub/session/fcd37e12-57bc-4484-b9ff-493da04a6ea3/window/rect[39m
[35m[HTTP][39m [90m{}[39m
[35m[HTTP][39m [37m<-- GET /wd/hub/session/fcd37e12-57bc-4484-b9ff-493da04a6ea3/window/rect [39m[32m200[39m [90m26 ms - 50[39m
[35m[HTTP][39m [90m[39m
[35m[HTTP][39m [37m-->[39m [37mPOST[39m [37m/wd/hub/session/fcd37e12-57bc-4484-b9ff-493da04a6ea3/elements[39m
[35m[HTTP][39m [90m{"using":"xpath","value":"//*[@class = 'android.widget.TextView' and (@text = 'Air Jordan 4 Retro' or . = 'Air Jordan 4 Retro') and @resource-id = 'com.androidsample.generalstore:id/productName']"}[39m
[35m[HTTP][39m [37m<-- POST /wd/hub/session/fcd37e12-57bc-4484-b9ff-493da04a6ea3/elements [39m[32m200[39m [90m552 ms - 139[39m
[35m[HTTP][39m [90m[39m
[35m[HTTP][39m [37m-->[39m [37mGET[39m [37m/wd/hub/session/fcd37e12-57bc-4484-b9ff-493da04a6ea3/element/00000000-0000-00ce-ffff-ffff0000013a/location[39m
[35m[HTTP][39m [90m{}[39m
[35m[W3C (fcd37e12)][39m Driver proxy active, passing request on via HTTP proxy
[35m[WD Proxy][39m Replacing sessionId 29daba44-d5d3-4e97-ae75-20032e8ebff5 with fcd37e12-57bc-4484-b9ff-493da04a6ea3
[35m[HTTP][39m [37m<-- GET /wd/hub/session/fcd37e12-57bc-4484-b9ff-493da04a6ea3/element/00000000-0000-00ce-ffff-ffff0000013a/location [39m[32m200[39m [90m41 ms - 77[39m
[35m[HTTP][39m [90m[39m
[35m[HTTP][39m [37m-->[39m [37mPOST[39m [37m/wd/hub/session/fcd37e12-57bc-4484-b9ff-493da04a6ea3/element/00000000-0000-00ce-ffff-ffff0000013a/click[39m
[35m[HTTP][39m [90m{"id":"00000000-0000-00ce-ffff-ffff0000013a"}[39m
[35m[HTTP][39m [37m<-- POST /wd/hub/session/fcd37e12-57bc-4484-b9ff-493da04a6ea3/element/00000000-0000-00ce-ffff-ffff0000013a/click [39m[32m200[39m [90m62 ms - 14[39m
[35m[HTTP][39m [90m[39m
[35m[HTTP][39m [37m-->[39m [37mGET[39m [37m/wd/hub/session/fcd37e12-57bc-4484-b9ff-493da04a6ea3/source[39m
[35m[HTTP][39m [90m{}[39m
[35m[W3C (fcd37e12)][39m Driver proxy active, passing request on via HTTP proxy
[35m[WD Proxy][39m Replacing sessionId 29daba44-d5d3-4e97-ae75-20032e8ebff5 with fcd37e12-57bc-4484-b9ff-493da04a6ea3
[35m[HTTP][39m [37m<-- GET /wd/hub/session/fcd37e12-57bc-4484-b9ff-493da04a6ea3/source [39m[32m200[39m [90m435 ms - 14490[39m
[35m[HTTP][39m [90m[39m
[35m[HTTP][39m [37m-->[39m [37mGET[39m [37m/wd/hub/session/fcd37e12-57bc-4484-b9ff-493da04a6ea3/screenshot[39m
[35m[HTTP][39m [90m{}[39m
[35m[HTTP][39m [37m<-- GET /wd/hub/session/fcd37e12-57bc-4484-b9ff-493da04a6ea3/screenshot [39m[32m200[39m [90m455 ms - 242034[39m
[35m[HTTP][39m [90m[39m
[35m[HTTP][39m [37m-->[39m [37mPOST[39m [37m/wd/hub/session/fcd37e12-57bc-4484-b9ff-493da04a6ea3/elements[39m
[35m[HTTP][39m [90m{"using":"xpath","value":"//*[@class = 'android.widget.TextView' and (@text = '$160.97' or . = '$160.97') and @resource-id = 'com.androidsample.generalstore:id/productPrice']"}[39m
[35m[HTTP][39m [37m<-- POST /wd/hub/session/fcd37e12-57bc-4484-b9ff-493da04a6ea3/elements [39m[32m200[39m [90m478 ms - 139[39m
[35m[HTTP][39m [90m[39m
[35m[HTTP][39m [37m-->[39m [37mGET[39m [37m/wd/hub/session/fcd37e12-57bc-4484-b9ff-493da04a6ea3/window/rect[39m
[35m[HTTP][39m [90m{}[39m
[35m[HTTP][39m [37m<-- GET /wd/hub/session/fcd37e12-57bc-4484-b9ff-493da04a6ea3/window/rect [39m[32m200[39m [90m12 ms - 50[39m
[35m[HTTP][39m [90m[39m
[35m[HTTP][39m [37m-->[39m [37mPOST[39m [37m/wd/hub/session/fcd37e12-57bc-4484-b9ff-493da04a6ea3/elements[39m
[35m[HTTP][39m [90m{"using":"xpath","value":"//*[@class = 'android.widget.TextView' and (@text = '$160.97' or . = '$160.97') and @resource-id = 'com.androidsample.generalstore:id/productPrice']"}[39m
[35m[HTTP][39m [37m<-- POST /wd/hub/session/fcd37e12-57bc-4484-b9ff-493da04a6ea3/elements [39m[32m200[39m [90m441 ms - 139[39m
[35m[HTTP][39m [90m[39m
[35m[HTTP][39m [37m-->[39m [37mGET[39m [37m/wd/hub/session/fcd37e12-57bc-4484-b9ff-493da04a6ea3/element/00000000-0000-00ce-ffff-ffff0000013d/location[39m
[35m[HTTP][39m [90m{}[39m
[35m[W3C (fcd37e12)][39m Driver proxy active, passing request on via HTTP proxy
[35m[WD Proxy][39m Replacing sessionId 29daba44-d5d3-4e97-ae75-20032e8ebff5 with fcd37e12-57bc-4484-b9ff-493da04a6ea3
[35m[HTTP][39m [37m<-- GET /wd/hub/session/fcd37e12-57bc-4484-b9ff-493da04a6ea3/element/00000000-0000-00ce-ffff-ffff0000013d/location [39m[32m200[39m [90m36 ms - 77[39m
[35m[HTTP][39m [90m[39m
[35m[HTTP][39m [37m-->[39m [37mPOST[39m [37m/wd/hub/session/fcd37e12-57bc-4484-b9ff-493da04a6ea3/element/00000000-0000-00ce-ffff-ffff0000013d/click[39m
[35m[HTTP][39m [90m{"id":"00000000-0000-00ce-ffff-ffff0000013d"}[39m
[35m[HTTP][39m [37m<-- POST /wd/hub/session/fcd37e12-57bc-4484-b9ff-493da04a6ea3/element/00000000-0000-00ce-ffff-ffff0000013d/click [39m[32m200[39m [90m80 ms - 14[39m
[35m[HTTP][39m [90m[39m
[35m[HTTP][39m [37m-->[39m [37mGET[39m [37m/wd/hub/session/fcd37e12-57bc-4484-b9ff-493da04a6ea3/source[39m
[35m[HTTP][39m [90m{}[39m
[35m[W3C (fcd37e12)][39m Driver proxy active, passing request on via HTTP proxy
[35m[WD Proxy][39m Replacing sessionId 29daba44-d5d3-4e97-ae75-20032e8ebff5 with fcd37e12-57bc-4484-b9ff-493da04a6ea3
[35m[HTTP][39m [37m<-- GET /wd/hub/session/fcd37e12-57bc-4484-b9ff-493da04a6ea3/source [39m[32m200[39m [90m833 ms - 14490[39m
[35m[HTTP][39m [90m[39m
[35m[HTTP][39m [37m-->[39m [37mGET[39m [37m/wd/hub/session/fcd37e12-57bc-4484-b9ff-493da04a6ea3/screenshot[39m
[35m[HTTP][39m [90m{}[39m
[35m[HTTP][39m [37m<-- GET /wd/hub/session/fcd37e12-57bc-4484-b9ff-493da04a6ea3/screenshot [39m[32m200[39m [90m402 ms - 242350[39m
[35m[HTTP][39m [90m[39m
[35m[HTTP][39m [37m-->[39m [37mPOST[39m [37m/wd/hub/session/fcd37e12-57bc-4484-b9ff-493da04a6ea3/elements[39m
[35m[HTTP][39m [90m{"using":"xpath","value":"//*[@class = 'android.widget.ImageView' and @resource-id = 'com.androidsample.generalstore:id/productImage' and (@text = '' or . = '')]"}[39m
[35m[HTTP][39m [37m<-- POST /wd/hub/session/fcd37e12-57bc-4484-b9ff-493da04a6ea3/elements [39m[32m200[39m [90m160 ms - 139[39m
[35m[HTTP][39m [90m[39m
[35m[HTTP][39m [37m-->[39m [37mGET[39m [37m/wd/hub/session/fcd37e12-57bc-4484-b9ff-493da04a6ea3/window/rect[39m
[35m[HTTP][39m [90m{}[39m
[35m[HTTP][39m [37m<-- GET /wd/hub/session/fcd37e12-57bc-4484-b9ff-493da04a6ea3/window/rect [39m[32m200[39m [90m19 ms - 50[39m
[35m[HTTP][39m [90m[39m
[35m[HTTP][39m [37m-->[39m [37mPOST[39m [37m/wd/hub/session/fcd37e12-57bc-4484-b9ff-493da04a6ea3/elements[39m
[35m[HTTP][39m [90m{"using":"xpath","value":"//*[@class = 'android.widget.ImageView' and @resource-id = 'com.androidsample.generalstore:id/productImage' and (@text = '' or . = '')]"}[39m
[35m[HTTP][39m [37m<-- POST /wd/hub/session/fcd37e12-57bc-4484-b9ff-493da04a6ea3/elements [39m[32m200[39m [90m160 ms - 139[39m
[35m[HTTP][39m [90m[39m
[35m[HTTP][39m [37m-->[39m [37mGET[39m [37m/wd/hub/session/fcd37e12-57bc-4484-b9ff-493da04a6ea3/element/00000000-0000-00ce-ffff-ffff00000139/location[39m
[35m[HTTP][39m [90m{}[39m
[35m[W3C (fcd37e12)][39m Driver proxy active, passing request on via HTTP proxy
[35m[WD Proxy][39m Replacing sessionId 29daba44-d5d3-4e97-ae75-20032e8ebff5 with fcd37e12-57bc-4484-b9ff-493da04a6ea3
[35m[HTTP][39m [37m<-- GET /wd/hub/session/fcd37e12-57bc-4484-b9ff-493da04a6ea3/element/00000000-0000-00ce-ffff-ffff00000139/location [39m[32m200[39m [90m17 ms - 77[39m
[35m[HTTP][39m [90m[39m
[35m[HTTP][39m [37m-->[39m [37mPOST[39m [37m/wd/hub/session/fcd37e12-57bc-4484-b9ff-493da04a6ea3/element/00000000-0000-00ce-ffff-ffff00000139/click[39m
[35m[HTTP][39m [90m{"id":"00000000-0000-00ce-ffff-ffff00000139"}[39m
[35m[HTTP][39m [37m<-- POST /wd/hub/session/fcd37e12-57bc-4484-b9ff-493da04a6ea3/element/00000000-0000-00ce-ffff-ffff00000139/click [39m[32m200[39m [90m55 ms - 14[39m
[35m[HTTP][39m [90m[39m
[35m[HTTP][39m [37m-->[39m [37mGET[39m [37m/wd/hub/session/fcd37e12-57bc-4484-b9ff-493da04a6ea3/source[39m
[35m[HTTP][39m [90m{}[39m
[35m[W3C (fcd37e12)][39m Driver proxy active, passing request on via HTTP proxy
[35m[WD Proxy][39m Replacing sessionId 29daba44-d5d3-4e97-ae75-20032e8ebff5 with fcd37e12-57bc-4484-b9ff-493da04a6ea3
[35m[HTTP][39m [37m<-- GET /wd/hub/session/fcd37e12-57bc-4484-b9ff-493da04a6ea3/source [39m[32m200[39m [90m109 ms - 14490[39m
[35m[HTTP][39m [90m[39m
[35m[HTTP][39m [37m-->[39m [37mGET[39m [37m/wd/hub/session/fcd37e12-57bc-4484-b9ff-493da04a6ea3/screenshot[39m
[35m[HTTP][39m [90m{}[39m
[35m[HTTP][39m [37m<-- GET /wd/hub/session/fcd37e12-57bc-4484-b9ff-493da04a6ea3/screenshot [39m[32m200[39m [90m292 ms - 242350[39m
[35m[HTTP][39m [90m[39m
[35m[HTTP][39m [37m-->[39m [37mDELETE[39m [37m/wd/hub/session/fcd37e12-57bc-4484-b9ff-493da04a6ea3[39m
[35m[HTTP][39m [90m{}[39m
[35m[Appium][39m Removing session fcd37e12-57bc-4484-b9ff-493da04a6ea3 from our master session list
[35m[UiAutomator2][39m Restoring hidden api policy to the device default configuration
[35m[HTTP][39m [37m<-- DELETE /wd/hub/session/fcd37e12-57bc-4484-b9ff-493da04a6ea3 [39m[32m200[39m [90m901 ms - 14[39m
[35m[HTTP][39m [90m[39m
